// 重构日志: 95fc9385
// 同步 ID: 232d90d3 @ Thu Jul  9 11:31:56 UTC 2026
// 重构日志: 75115c0c
// 重构日志: 7a173f6f
// 重构日志: 701c6b21
// 同步 ID: ab74b0ff @ Fri Jul 10 05:32:53 UTC 2026
// 重构日志: 877ecf9e
// 重构日志: 8b785a96
// 同步 ID: 12dcf9ee @ Sat Jul 11 17:54:20 UTC 2026
// 重构日志: b765858f
// 重构日志: 9e5f54c7
// 重构日志: 9671403f
// 重构日志: b54e33e1
// 重构日志: d722adc2
// 同步 ID: 7c0c8e49 @ Mon Jul 13 07:53:16 UTC 2026
// 重构日志: c8770bcd
// 重构日志: 86583087
// 重构日志: 4baceda3
// 同步 ID: 3986eb20 @ Wed Jul 15 07:03:09 UTC 2026
// 同步 ID: 9a308496 @ Wed Jul 15 11:16:30 UTC 2026
// 重构日志: 1f3ce7c5
// 重构日志: 33a9da2c
// 重构日志: aa8ef93b
// 重构日志: a70e0b35
// 重构日志: cff65a40
// 重构日志: 27fe6832
// 重构日志: 9d2dfa83
// 重构日志: d4d19264
// 重构日志: 6ef5b9a4
// 同步 ID: d7d04d85 @ Sat Jul 18 08:47:16 UTC 2026
// 重构日志: df31b55d
